STEP in Solid Edge konvertieren
Datum: Mittwoch,Januar 28,2026 12:44
Quelldatei: C:\Users\tildu\Documents\GitHub\NWT-RobotGWagen\Car\mercedes-benz-g63-amg-6x6-1.snapshot.4\STEP\Assem1r.STEP
Autor: Unknown
Organisation: Unknown
Ausgangssystem: SolidWorks 2018

Hardware:
Prozessor: AMD Ryzen 5 3600 6-Core Processor              
Betriebssystem: Windows 11 Professional Version:24H2 Build:26100 System Type:64-bit
Installierter Speicher: 15.92 GB

Software-Informationen
Parasolid-Version: 37.0.118
PSBodyShop-Version: 37.0.94
Step-Adapterversion: 15.0.142
Solid Edge-Version: 225.00.01.004 x64

Step-Importoptionen
Facettierte Körper importieren: Ein
Prüfkörper importieren: Aus
Kurven importieren: Ein
DoNotSave importieren: Ein
Mehrere Körper als Einzelteildatei importieren: Ein
Importoptimierung:Aus
Flächenvernähung importieren: Ein
Boolesche Körper importieren: Ein
Basisformelement erstellen: Ein
Geometrie vereinfachen: Ein
Druckkurven importieren: Ein
Führung importieren: C:
Flächenvernähung importieren: Ein
Flächen importieren: Ein
Ausgabepfad importieren: C:\Users\tildu\Documents\GitHub\NWT-RobotGWagen\Car\mercedes-benz-g63-amg-6x6-1.snapshot.4\STEP
Aktivieren des standardmäßigen Ausgabepfads importieren: Ein
PMI importieren: Aus
Als interne Komponenten importieren: Aus
Pfad importieren: 

Übersetzen in Parasolid-Datentypen...
Konvertierungsvorgang ist abgeschlossen
Zur Übersetzung und Nachbearbeitung erforderte Gesamtzeit:00 : 00 : 16
